# JRE version: OpenJDK Runtime Environment (11.0.15) (build 11.0.15+0-b2043.56-9505619)
# Java VM: OpenJDK 64-Bit Server VM (11.0.15+0-b2043.56-9505619, mixed mode, tiered, compressed oops, g1 gc, windows-amd64)
Heap:
 garbage-first heap   total 175104K, used 99647K [0x0000000080000000, 0x0000000100000000)
  region size 1024K, 15 young (15360K), 2 survivors (2048K)
 Metaspace       used 93965K, capacity 96581K, committed 96796K, reserved 1132544K
  class space    used 12127K, capacity 13140K, committed 13164K, reserved 1048576K
GC Heap History (20 events):
Event: 20.092 GC heap before
{Heap before GC invocations=29 (full 0):
 garbage-first heap   total 145408K, used 129464K [0x0000000080000000, 0x0000000100000000)
  region size 1024K, 15 young (15360K), 4 survivors (4096K)
 Metaspace       used 88019K, capacity 90528K, committed 90780K, reserved 1128448K
  class space    used 11476K, capacity 12466K, committed 12524K, reserved 1048576K
}
Event: 20.098 GC heap after
{Heap after GC invocations=30 (full 0):
 garbage-first heap   total 145408K, used 105182K [0x0000000080000000, 0x0000000100000000)
  region size 1024K, 2 young (2048K), 2 survivors (2048K)
 Metaspace       used 88019K, capacity 90528K, committed 90780K, reserved 1128448K
  class space    used 11476K, capacity 12466K, committed 12524K, reserved 1048576K
}
Event: 20.520 GC heap before
{Heap before GC invocations=31 (full 0):
 garbage-first heap   total 145408K, used 126686K [0x0000000080000000, 0x0000000100000000)
  region size 1024K, 14 young (14336K), 2 survivors (2048K)
 Metaspace       used 88989K, capacity 91596K, committed 91676K, reserved 1128448K
  class space    used 11591K, capacity 12574K, committed 12652K, reserved 1048576K
}
Event: 20.522 GC heap after
{Heap after GC invocations=32 (full 0):
 garbage-first heap   total 145408K, used 105273K [0x0000000080000000, 0x0000000100000000)
  region size 1024K, 1 young (1024K), 1 survivors (1024K)
 Metaspace       used 88989K, capacity 91596K, committed 91676K, reserved 1128448K
  class space    used 11591K, capacity 12574K, committed 12652K, reserved 1048576K
}
Event: 20.706 GC heap before
{Heap before GC invocations=32 (full 0):
 garbage-first heap   total 145408K, used 110393K [0x0000000080000000, 0x0000000100000000)
  region size 1024K, 7 young (7168K), 1 survivors (1024K)
 Metaspace       used 89304K, capacity 91826K, committed 91932K, reserved 1128448K
  class space    used 11623K, capacity 12607K, committed 12652K, reserved 1048576K
}
Event: 20.717 GC heap after
{Heap after GC invocations=33 (full 0):
 garbage-first heap   total 145408K, used 92708K [0x0000000080000000, 0x0000000100000000)
  region size 1024K, 1 young (1024K), 1 survivors (1024K)
 Metaspace       used 89304K, capacity 91826K, committed 91932K, reserved 1128448K
  class space    used 11623K, capacity 12607K, committed 12652K, reserved 1048576K
}
Event: 21.020 GC heap before
{Heap before GC invocations=33 (full 0):
 garbage-first heap   total 145408K, used 110116K [0x0000000080000000, 0x0000000100000000)
  region size 1024K, 19 young (19456K), 1 survivors (1024K)
 Metaspace       used 89578K, capacity 92113K, committed 92188K, reserved 1128448K
  class space    used 11635K, capacity 12617K, committed 12652K, reserved 1048576K
}
Event: 21.024 GC heap after
{Heap after GC invocations=34 (full 0):
 garbage-first heap   total 145408K, used 94350K [0x0000000080000000, 0x0000000100000000)
  region size 1024K, 2 young (2048K), 2 survivors (2048K)
 Metaspace       used 89578K, capacity 92113K, committed 92188K, reserved 1128448K
  class space    used 11635K, capacity 12617K, committed 12652K, reserved 1048576K
}
Event: 21.430 GC heap before
{Heap before GC invocations=35 (full 0):
 garbage-first heap   total 145408K, used 104590K [0x0000000080000000, 0x0000000100000000)
  region size 1024K, 20 young (20480K), 2 survivors (2048K)
 Metaspace       used 89709K, capacity 92317K, committed 92572K, reserved 1128448K
  class space    used 11635K, capacity 12641K, committed 12780K, reserved 1048576K
}
Event: 21.434 GC heap after
{Heap after GC invocations=36 (full 0):
 garbage-first heap   total 145408K, used 88505K [0x0000000080000000, 0x0000000100000000)
  region size 1024K, 2 young (2048K), 2 survivors (2048K)
 Metaspace       used 89709K, capacity 92317K, committed 92572K, reserved 1128448K
  class space    used 11635K, capacity 12641K, committed 12780K, reserved 1048576K
}
Event: 21.529 GC heap before
{Heap before GC invocations=36 (full 0):
 garbage-first heap   total 145408K, used 92601K [0x0000000080000000, 0x0000000100000000)
  region size 1024K, 7 young (7168K), 2 survivors (2048K)
 Metaspace       used 90063K, capacity 92648K, committed 92828K, reserved 1130496K
  class space    used 11659K, capacity 12655K, committed 12780K, reserved 1048576K
}
Event: 21.532 GC heap after
{Heap after GC invocations=37 (full 0):
 garbage-first heap   total 145408K, used 85814K [0x0000000080000000, 0x0000000100000000)
  region size 1024K, 1 young (1024K), 1 survivors (1024K)
 Metaspace       used 90063K, capacity 92648K, committed 92828K, reserved 1130496K
  class space    used 11659K, capacity 12655K, committed 12780K, reserved 1048576K
}
Event: 21.743 GC heap before
{Heap before GC invocations=37 (full 0):
 garbage-first heap   total 145408K, used 109366K [0x0000000080000000, 0x0000000100000000)
  region size 1024K, 25 young (25600K), 1 survivors (1024K)
 Metaspace       used 90857K, capacity 93446K, committed 93724K, reserved 1130496K
  class space    used 11763K, capacity 12783K, committed 12908K, reserved 1048576K
}
Event: 21.746 GC heap after
{Heap after GC invocations=38 (full 0):
 garbage-first heap   total 145408K, used 86912K [0x0000000080000000, 0x0000000100000000)
  region size 1024K, 2 young (2048K), 2 survivors (2048K)
 Metaspace       used 90857K, capacity 93446K, committed 93724K, reserved 1130496K
  class space    used 11763K, capacity 12783K, committed 12908K, reserved 1048576K
}
Event: 22.020 GC heap before
{Heap before GC invocations=39 (full 0):
 garbage-first heap   total 145408K, used 111488K [0x0000000080000000, 0x0000000100000000)
  region size 1024K, 27 young (27648K), 2 survivors (2048K)
 Metaspace       used 91962K, capacity 94547K, committed 94876K, reserved 1130496K
  class space    used 11905K, capacity 12912K, committed 13036K, reserved 1048576K
}
Event: 22.025 GC heap after
{Heap after GC invocations=40 (full 0):
 garbage-first heap   total 145408K, used 87943K [0x0000000080000000, 0x0000000100000000)
  region size 1024K, 3 young (3072K), 3 survivors (3072K)
 Metaspace       used 91962K, capacity 94547K, committed 94876K, reserved 1130496K
  class space    used 11905K, capacity 12912K, committed 13036K, reserved 1048576K
}
Event: 22.062 GC heap before
{Heap before GC invocations=40 (full 0):
 garbage-first heap   total 145408K, used 91015K [0x0000000080000000, 0x0000000100000000)
  region size 1024K, 7 young (7168K), 3 survivors (3072K)
 Metaspace       used 92102K, capacity 94707K, committed 94876K, reserved 1130496K
  class space    used 11923K, capacity 12944K, committed 13036K, reserved 1048576K
}
Event: 22.065 GC heap after
{Heap after GC invocations=41 (full 0):
 garbage-first heap   total 175104K, used 87199K [0x0000000080000000, 0x0000000100000000)
  region size 1024K, 1 young (1024K), 1 survivors (1024K)
 Metaspace       used 92102K, capacity 94707K, committed 94876K, reserved 1130496K
  class space    used 11923K, capacity 12944K, committed 13036K, reserved 1048576K
}
Event: 22.429 GC heap before
{Heap before GC invocations=41 (full 0):
 garbage-first heap   total 175104K, used 126111K [0x0000000080000000, 0x0000000100000000)
  region size 1024K, 40 young (40960K), 1 survivors (1024K)
 Metaspace       used 93643K, capacity 96257K, committed 96284K, reserved 1132544K
  class space    used 12117K, capacity 13139K, committed 13164K, reserved 1048576K
}
Event: 22.433 GC heap after
{Heap after GC invocations=42 (full 0):
 garbage-first heap   total 175104K, used 88383K [0x0000000080000000, 0x0000000100000000)
  region size 1024K, 2 young (2048K), 2 survivors (2048K)
 Metaspace       used 93643K, capacity 96257K, committed 96284K, reserved 1132544K
  class space    used 12117K, capacity 13139K, committed 13164K, reserved 1048576K
}

