# JRE version: OpenJDK Runtime Environment (11.0.15) (build 11.0.15+0-b2043.56-9505619)
# Java VM: OpenJDK 64-Bit Server VM (11.0.15+0-b2043.56-9505619, mixed mode, tiered, compressed oops, g1 gc, windows-amd64)
Heap:
 garbage-first heap   total 527360K, used 128809K [0x0000000080000000, 0x0000000100000000)
  region size 1024K, 19 young (19456K), 19 survivors (19456K)
 Metaspace       used 45031K, capacity 46252K, committed 46620K, reserved 1089536K
  class space    used 5712K, capacity 6148K, committed 6272K, reserved 1048576K
GC Heap History (20 events):
Event: 19.627 GC heap after
{Heap after GC invocations=55 (full 0):
 garbage-first heap   total 327680K, used 107247K [0x0000000080000000, 0x0000000100000000)
  region size 1024K, 8 young (8192K), 8 survivors (8192K)
 Metaspace       used 45028K, capacity 46252K, committed 46620K, reserved 1089536K
  class space    used 5712K, capacity 6148K, committed 6272K, reserved 1048576K
}
Event: 19.863 GC heap before
{Heap before GC invocations=55 (full 0):
 garbage-first heap   total 327680K, used 283375K [0x0000000080000000, 0x0000000100000000)
  region size 1024K, 180 young (184320K), 8 survivors (8192K)
 Metaspace       used 45030K, capacity 46252K, committed 46620K, reserved 1089536K
  class space    used 5712K, capacity 6148K, committed 6272K, reserved 1048576K
}
Event: 19.870 GC heap after
{Heap after GC invocations=56 (full 0):
 garbage-first heap   total 327680K, used 109375K [0x0000000080000000, 0x0000000100000000)
  region size 1024K, 10 young (10240K), 10 survivors (10240K)
 Metaspace       used 45030K, capacity 46252K, committed 46620K, reserved 1089536K
  class space    used 5712K, capacity 6148K, committed 6272K, reserved 1048576K
}
Event: 20.125 GC heap before
{Heap before GC invocations=56 (full 0):
 garbage-first heap   total 327680K, used 286527K [0x0000000080000000, 0x0000000100000000)
  region size 1024K, 181 young (185344K), 10 survivors (10240K)
 Metaspace       used 45030K, capacity 46252K, committed 46620K, reserved 1089536K
  class space    used 5712K, capacity 6148K, committed 6272K, reserved 1048576K
}
Event: 20.134 GC heap after
{Heap after GC invocations=57 (full 0):
 garbage-first heap   total 393216K, used 110835K [0x0000000080000000, 0x0000000100000000)
  region size 1024K, 12 young (12288K), 12 survivors (12288K)
 Metaspace       used 45030K, capacity 46252K, committed 46620K, reserved 1089536K
  class space    used 5712K, capacity 6148K, committed 6272K, reserved 1048576K
}
Event: 20.533 GC heap before
{Heap before GC invocations=57 (full 0):
 garbage-first heap   total 393216K, used 313587K [0x0000000080000000, 0x0000000100000000)
  region size 1024K, 207 young (211968K), 12 survivors (12288K)
 Metaspace       used 45030K, capacity 46252K, committed 46620K, reserved 1089536K
  class space    used 5712K, capacity 6148K, committed 6272K, reserved 1048576K
}
Event: 20.541 GC heap after
{Heap after GC invocations=58 (full 0):
 garbage-first heap   total 393216K, used 113983K [0x0000000080000000, 0x0000000100000000)
  region size 1024K, 15 young (15360K), 15 survivors (15360K)
 Metaspace       used 45030K, capacity 46252K, committed 46620K, reserved 1089536K
  class space    used 5712K, capacity 6148K, committed 6272K, reserved 1048576K
}
Event: 20.853 GC heap before
{Heap before GC invocations=58 (full 0):
 garbage-first heap   total 393216K, used 342335K [0x0000000080000000, 0x0000000100000000)
  region size 1024K, 229 young (234496K), 15 survivors (15360K)
 Metaspace       used 45030K, capacity 46252K, committed 46620K, reserved 1089536K
  class space    used 5712K, capacity 6148K, committed 6272K, reserved 1048576K
}
Event: 20.862 GC heap after
{Heap after GC invocations=59 (full 0):
 garbage-first heap   total 393216K, used 115478K [0x0000000080000000, 0x0000000100000000)
  region size 1024K, 16 young (16384K), 16 survivors (16384K)
 Metaspace       used 45030K, capacity 46252K, committed 46620K, reserved 1089536K
  class space    used 5712K, capacity 6148K, committed 6272K, reserved 1048576K
}
Event: 21.178 GC heap before
{Heap before GC invocations=59 (full 0):
 garbage-first heap   total 393216K, used 337686K [0x0000000080000000, 0x0000000100000000)
  region size 1024K, 230 young (235520K), 16 survivors (16384K)
 Metaspace       used 45031K, capacity 46252K, committed 46620K, reserved 1089536K
  class space    used 5712K, capacity 6148K, committed 6272K, reserved 1048576K
}
Event: 21.188 GC heap after
{Heap after GC invocations=60 (full 0):
 garbage-first heap   total 393216K, used 117605K [0x0000000080000000, 0x0000000100000000)
  region size 1024K, 16 young (16384K), 16 survivors (16384K)
 Metaspace       used 45031K, capacity 46252K, committed 46620K, reserved 1089536K
  class space    used 5712K, capacity 6148K, committed 6272K, reserved 1048576K
}
Event: 21.473 GC heap before
{Heap before GC invocations=60 (full 0):
 garbage-first heap   total 393216K, used 336741K [0x0000000080000000, 0x0000000100000000)
  region size 1024K, 230 young (235520K), 16 survivors (16384K)
 Metaspace       used 45031K, capacity 46252K, committed 46620K, reserved 1089536K
  class space    used 5712K, capacity 6148K, committed 6272K, reserved 1048576K
}
Event: 21.485 GC heap after
{Heap after GC invocations=61 (full 0):
 garbage-first heap   total 461824K, used 120185K [0x0000000080000000, 0x0000000100000000)
  region size 1024K, 18 young (18432K), 18 survivors (18432K)
 Metaspace       used 45031K, capacity 46252K, committed 46620K, reserved 1089536K
  class space    used 5712K, capacity 6148K, committed 6272K, reserved 1048576K
}
Event: 21.884 GC heap before
{Heap before GC invocations=61 (full 0):
 garbage-first heap   total 461824K, used 378233K [0x0000000080000000, 0x0000000100000000)
  region size 1024K, 270 young (276480K), 18 survivors (18432K)
 Metaspace       used 45031K, capacity 46252K, committed 46620K, reserved 1089536K
  class space    used 5712K, capacity 6148K, committed 6272K, reserved 1048576K
}
Event: 21.897 GC heap after
{Heap after GC invocations=62 (full 0):
 garbage-first heap   total 461824K, used 121721K [0x0000000080000000, 0x0000000100000000)
  region size 1024K, 19 young (19456K), 19 survivors (19456K)
 Metaspace       used 45031K, capacity 46252K, committed 46620K, reserved 1089536K
  class space    used 5712K, capacity 6148K, committed 6272K, reserved 1048576K
}
Event: 22.220 GC heap before
{Heap before GC invocations=62 (full 0):
 garbage-first heap   total 461824K, used 378745K [0x0000000080000000, 0x0000000100000000)
  region size 1024K, 270 young (276480K), 19 survivors (19456K)
 Metaspace       used 45031K, capacity 46252K, committed 46620K, reserved 1089536K
  class space    used 5712K, capacity 6148K, committed 6272K, reserved 1048576K
}
Event: 22.234 GC heap after
{Heap after GC invocations=63 (full 0):
 garbage-first heap   total 461824K, used 123990K [0x0000000080000000, 0x0000000100000000)
  region size 1024K, 20 young (20480K), 20 survivors (20480K)
 Metaspace       used 45031K, capacity 46252K, committed 46620K, reserved 1089536K
  class space    used 5712K, capacity 6148K, committed 6272K, reserved 1048576K
}
Event: 22.562 GC heap before
{Heap before GC invocations=63 (full 0):
 garbage-first heap   total 461824K, used 379990K [0x0000000080000000, 0x0000000100000000)
  region size 1024K, 270 young (276480K), 20 survivors (20480K)
 Metaspace       used 45031K, capacity 46252K, committed 46620K, reserved 1089536K
  class space    used 5712K, capacity 6148K, committed 6272K, reserved 1048576K
}
Event: 22.576 GC heap after
{Heap after GC invocations=64 (full 0):
 garbage-first heap   total 461824K, used 126822K [0x0000000080000000, 0x0000000100000000)
  region size 1024K, 20 young (20480K), 20 survivors (20480K)
 Metaspace       used 45031K, capacity 46252K, committed 46620K, reserved 1089536K
  class space    used 5712K, capacity 6148K, committed 6272K, reserved 1048576K
}
Event: 22.904 GC heap before
{Heap before GC invocations=64 (full 0):
 garbage-first heap   total 461824K, used 382822K [0x0000000080000000, 0x0000000100000000)
  region size 1024K, 270 young (276480K), 20 survivors (20480K)
 Metaspace       used 45031K, capacity 46252K, committed 46620K, reserved 1089536K
  class space    used 5712K, capacity 6148K, committed 6272K, reserved 1048576K
}

