# JRE version: OpenJDK Runtime Environment (11.0.15) (build 11.0.15+0-b2043.56-9505619)
# Java VM: OpenJDK 64-Bit Server VM (11.0.15+0-b2043.56-9505619, mixed mode, tiered, compressed oops, g1 gc, windows-amd64)
Heap:
 garbage-first heap   total 175104K, used 52894K [0x0000000080000000, 0x0000000100000000)
  region size 1024K, 5 young (5120K), 5 survivors (5120K)
 Metaspace       used 65117K, capacity 66700K, committed 66896K, reserved 1107968K
  class space    used 8260K, capacity 8891K, committed 8908K, reserved 1048576K
GC Heap History (20 events):
Event: 1.115 GC heap after
{Heap after GC invocations=3 (full 0):
 garbage-first heap   total 120832K, used 14076K [0x0000000080000000, 0x0000000100000000)
  region size 1024K, 4 young (4096K), 4 survivors (4096K)
 Metaspace       used 11343K, capacity 11584K, committed 11776K, reserved 1060864K
  class space    used 1156K, capacity 1244K, committed 1280K, reserved 1048576K
}
Event: 2.674 GC heap before
{Heap before GC invocations=3 (full 0):
 garbage-first heap   total 120832K, used 56060K [0x0000000080000000, 0x0000000100000000)
  region size 1024K, 45 young (46080K), 4 survivors (4096K)
 Metaspace       used 18409K, capacity 18809K, committed 19072K, reserved 1067008K
  class space    used 2166K, capacity 2317K, committed 2432K, reserved 1048576K
}
Event: 2.679 GC heap after
{Heap after GC invocations=4 (full 0):
 garbage-first heap   total 120832K, used 16875K [0x0000000080000000, 0x0000000100000000)
  region size 1024K, 6 young (6144K), 6 survivors (6144K)
 Metaspace       used 18409K, capacity 18809K, committed 19072K, reserved 1067008K
  class space    used 2166K, capacity 2317K, committed 2432K, reserved 1048576K
}
Event: 2.907 GC heap before
{Heap before GC invocations=4 (full 0):
 garbage-first heap   total 120832K, used 39403K [0x0000000080000000, 0x0000000100000000)
  region size 1024K, 29 young (29696K), 6 survivors (6144K)
 Metaspace       used 20802K, capacity 21195K, committed 21296K, reserved 1069056K
  class space    used 2523K, capacity 2685K, committed 2688K, reserved 1048576K
}
Event: 2.911 GC heap after
{Heap after GC invocations=5 (full 0):
 garbage-first heap   total 120832K, used 17880K [0x0000000080000000, 0x0000000100000000)
  region size 1024K, 4 young (4096K), 4 survivors (4096K)
 Metaspace       used 20802K, capacity 21195K, committed 21296K, reserved 1069056K
  class space    used 2523K, capacity 2685K, committed 2688K, reserved 1048576K
}
Event: 3.718 GC heap before
{Heap before GC invocations=6 (full 0):
 garbage-first heap   total 120832K, used 64984K [0x0000000080000000, 0x0000000100000000)
  region size 1024K, 50 young (51200K), 4 survivors (4096K)
 Metaspace       used 25600K, capacity 26217K, committed 26236K, reserved 1073152K
  class space    used 3301K, capacity 3517K, committed 3532K, reserved 1048576K
}
Event: 3.722 GC heap after
{Heap after GC invocations=7 (full 0):
 garbage-first heap   total 120832K, used 19452K [0x0000000080000000, 0x0000000100000000)
  region size 1024K, 6 young (6144K), 6 survivors (6144K)
 Metaspace       used 25600K, capacity 26217K, committed 26236K, reserved 1073152K
  class space    used 3301K, capacity 3517K, committed 3532K, reserved 1048576K
}
Event: 4.786 GC heap before
{Heap before GC invocations=7 (full 0):
 garbage-first heap   total 120832K, used 72700K [0x0000000080000000, 0x0000000100000000)
  region size 1024K, 58 young (59392K), 6 survivors (6144K)
 Metaspace       used 30696K, capacity 31499K, committed 31740K, reserved 1077248K
  class space    used 4089K, capacity 4390K, committed 4428K, reserved 1048576K
}
Event: 4.791 GC heap after
{Heap after GC invocations=8 (full 0):
 garbage-first heap   total 120832K, used 21229K [0x0000000080000000, 0x0000000100000000)
  region size 1024K, 5 young (5120K), 5 survivors (5120K)
 Metaspace       used 30696K, capacity 31499K, committed 31740K, reserved 1077248K
  class space    used 4089K, capacity 4390K, committed 4428K, reserved 1048576K
}
Event: 5.193 GC heap before
{Heap before GC invocations=8 (full 0):
 garbage-first heap   total 120832K, used 40685K [0x0000000080000000, 0x0000000100000000)
  region size 1024K, 25 young (25600K), 5 survivors (5120K)
 Metaspace       used 35098K, capacity 35957K, committed 36048K, reserved 1081344K
  class space    used 4571K, capacity 4921K, committed 4940K, reserved 1048576K
}
Event: 5.201 GC heap after
{Heap after GC invocations=9 (full 0):
 garbage-first heap   total 120832K, used 23019K [0x0000000080000000, 0x0000000100000000)
  region size 1024K, 7 young (7168K), 7 survivors (7168K)
 Metaspace       used 35098K, capacity 35957K, committed 36048K, reserved 1081344K
  class space    used 4571K, capacity 4921K, committed 4940K, reserved 1048576K
}
Event: 5.944 GC heap before
{Heap before GC invocations=10 (full 0):
 garbage-first heap   total 120832K, used 87531K [0x0000000080000000, 0x0000000100000000)
  region size 1024K, 67 young (68608K), 7 survivors (7168K)
 Metaspace       used 40746K, capacity 41677K, committed 41808K, reserved 1085440K
  class space    used 5146K, capacity 5520K, committed 5580K, reserved 1048576K
}
Event: 5.960 GC heap after
{Heap after GC invocations=11 (full 0):
 garbage-first heap   total 145408K, used 29144K [0x0000000080000000, 0x0000000100000000)
  region size 1024K, 9 young (9216K), 9 survivors (9216K)
 Metaspace       used 40746K, capacity 41677K, committed 41808K, reserved 1085440K
  class space    used 5146K, capacity 5520K, committed 5580K, reserved 1048576K
}
Event: 6.922 GC heap before
{Heap before GC invocations=12 (full 0):
 garbage-first heap   total 145408K, used 106968K [0x0000000080000000, 0x0000000100000000)
  region size 1024K, 85 young (87040K), 9 survivors (9216K)
 Metaspace       used 47373K, capacity 48489K, committed 48592K, reserved 1091584K
  class space    used 6041K, capacity 6458K, committed 6476K, reserved 1048576K
}
Event: 6.931 GC heap after
{Heap after GC invocations=13 (full 0):
 garbage-first heap   total 145408K, used 31744K [0x0000000080000000, 0x0000000100000000)
  region size 1024K, 8 young (8192K), 8 survivors (8192K)
 Metaspace       used 47373K, capacity 48489K, committed 48592K, reserved 1091584K
  class space    used 6041K, capacity 6458K, committed 6476K, reserved 1048576K
}
Event: 8.205 GC heap before
{Heap before GC invocations=13 (full 0):
 garbage-first heap   total 145408K, used 109568K [0x0000000080000000, 0x0000000100000000)
  region size 1024K, 82 young (83968K), 8 survivors (8192K)
 Metaspace       used 52332K, capacity 53715K, committed 53968K, reserved 1095680K
  class space    used 6636K, capacity 7167K, committed 7244K, reserved 1048576K
}
Event: 8.217 GC heap after
{Heap after GC invocations=14 (full 0):
 garbage-first heap   total 145408K, used 42434K [0x0000000080000000, 0x0000000100000000)
  region size 1024K, 11 young (11264K), 11 survivors (11264K)
 Metaspace       used 52332K, capacity 53715K, committed 53968K, reserved 1095680K
  class space    used 6636K, capacity 7167K, committed 7244K, reserved 1048576K
}
Event: 9.801 GC heap before
{Heap before GC invocations=14 (full 0):
 garbage-first heap   total 145408K, used 116162K [0x0000000080000000, 0x0000000100000000)
  region size 1024K, 76 young (77824K), 11 survivors (11264K)
 Metaspace       used 60456K, capacity 62063K, committed 62160K, reserved 1103872K
  class space    used 7637K, capacity 8259K, committed 8268K, reserved 1048576K
}
Event: 9.813 GC heap after
{Heap after GC invocations=15 (full 0):
 garbage-first heap   total 145408K, used 48676K [0x0000000080000000, 0x0000000100000000)
  region size 1024K, 6 young (6144K), 6 survivors (6144K)
 Metaspace       used 60456K, capacity 62063K, committed 62160K, reserved 1103872K
  class space    used 7637K, capacity 8259K, committed 8268K, reserved 1048576K
}
Event: 10.497 GC heap before
{Heap before GC invocations=15 (full 0):
 garbage-first heap   total 145408K, used 112164K [0x0000000080000000, 0x0000000100000000)
  region size 1024K, 67 young (68608K), 6 survivors (6144K)
 Metaspace       used 65117K, capacity 66700K, committed 66896K, reserved 1107968K
  class space    used 8260K, capacity 8891K, committed 8908K, reserved 1048576K
}

