# JRE version: OpenJDK Runtime Environment (11.0.15) (build 11.0.15+0-b2043.56-9505619)
# Java VM: OpenJDK 64-Bit Server VM (11.0.15+0-b2043.56-9505619, mixed mode, tiered, compressed oops, g1 gc, windows-amd64)
Heap:
 garbage-first heap   total 225280K, used 218051K [0x0000000080000000, 0x0000000100000000)
  region size 1024K, 7 young (7168K), 6 survivors (6144K)
 Metaspace       used 130855K, capacity 135015K, committed 135164K, reserved 1167360K
  class space    used 16657K, capacity 18236K, committed 18328K, reserved 1048576K
GC Heap History (20 events):
Event: 645.863 GC heap before
{Heap before GC invocations=60 (full 0):
 garbage-first heap   total 216064K, used 170871K [0x0000000080000000, 0x0000000100000000)
  region size 1024K, 52 young (53248K), 2 survivors (2048K)
 Metaspace       used 128695K, capacity 132772K, committed 133116K, reserved 1165312K
  class space    used 16597K, capacity 18135K, committed 18328K, reserved 1048576K
}
Event: 645.878 GC heap after
{Heap after GC invocations=61 (full 0):
 garbage-first heap   total 216064K, used 125880K [0x0000000080000000, 0x0000000100000000)
  region size 1024K, 7 young (7168K), 7 survivors (7168K)
 Metaspace       used 128695K, capacity 132772K, committed 133116K, reserved 1165312K
  class space    used 16597K, capacity 18135K, committed 18328K, reserved 1048576K
}
Event: 646.292 GC heap before
{Heap before GC invocations=62 (full 0):
 garbage-first heap   total 216064K, used 175032K [0x0000000080000000, 0x0000000100000000)
  region size 1024K, 55 young (56320K), 7 survivors (7168K)
 Metaspace       used 129474K, capacity 133497K, committed 133884K, reserved 1165312K
  class space    used 16607K, capacity 18146K, committed 18328K, reserved 1048576K
}
Event: 646.296 GC heap after
{Heap after GC invocations=63 (full 0):
 garbage-first heap   total 216064K, used 121824K [0x0000000080000000, 0x0000000100000000)
  region size 1024K, 2 young (2048K), 2 survivors (2048K)
 Metaspace       used 129474K, capacity 133497K, committed 133884K, reserved 1165312K
  class space    used 16607K, capacity 18146K, committed 18328K, reserved 1048576K
}
Event: 646.315 GC heap before
{Heap before GC invocations=63 (full 0):
 garbage-first heap   total 216064K, used 130016K [0x0000000080000000, 0x0000000100000000)
  region size 1024K, 10 young (10240K), 2 survivors (2048K)
 Metaspace       used 129475K, capacity 133497K, committed 133884K, reserved 1165312K
  class space    used 16607K, capacity 18146K, committed 18328K, reserved 1048576K
}
Event: 646.323 GC heap after
{Heap after GC invocations=64 (full 0):
 garbage-first heap   total 216064K, used 115676K [0x0000000080000000, 0x0000000100000000)
  region size 1024K, 2 young (2048K), 2 survivors (2048K)
 Metaspace       used 129475K, capacity 133497K, committed 133884K, reserved 1165312K
  class space    used 16607K, capacity 18146K, committed 18328K, reserved 1048576K
}
Event: 646.702 GC heap before
{Heap before GC invocations=64 (full 0):
 garbage-first heap   total 216064K, used 165852K [0x0000000080000000, 0x0000000100000000)
  region size 1024K, 53 young (54272K), 2 survivors (2048K)
 Metaspace       used 129755K, capacity 133791K, committed 134140K, reserved 1165312K
  class space    used 16610K, capacity 18150K, committed 18328K, reserved 1048576K
}
Event: 646.706 GC heap after
{Heap after GC invocations=65 (full 0):
 garbage-first heap   total 216064K, used 116470K [0x0000000080000000, 0x0000000100000000)
  region size 1024K, 3 young (3072K), 3 survivors (3072K)
 Metaspace       used 129755K, capacity 133791K, committed 134140K, reserved 1165312K
  class space    used 16610K, capacity 18150K, committed 18328K, reserved 1048576K
}
Event: 657.081 GC heap before
{Heap before GC invocations=66 (full 0):
 garbage-first heap   total 216064K, used 214774K [0x0000000080000000, 0x0000000100000000)
  region size 1024K, 11 young (11264K), 3 survivors (3072K)
 Metaspace       used 129813K, capacity 133797K, committed 134140K, reserved 1165312K
  class space    used 16611K, capacity 18151K, committed 18328K, reserved 1048576K
}
Event: 657.085 GC heap after
{Heap after GC invocations=67 (full 0):
 garbage-first heap   total 219136K, used 114207K [0x0000000080000000, 0x0000000100000000)
  region size 1024K, 3 young (3072K), 3 survivors (3072K)
 Metaspace       used 129813K, capacity 133797K, committed 134140K, reserved 1165312K
  class space    used 16611K, capacity 18151K, committed 18328K, reserved 1048576K
}
Event: 657.241 GC heap before
{Heap before GC invocations=67 (full 0):
 garbage-first heap   total 219136K, used 121375K [0x0000000080000000, 0x0000000100000000)
  region size 1024K, 10 young (10240K), 3 survivors (3072K)
 Metaspace       used 129833K, capacity 133876K, committed 134140K, reserved 1165312K
  class space    used 16612K, capacity 18154K, committed 18328K, reserved 1048576K
}
Event: 657.248 GC heap after
{Heap after GC invocations=68 (full 0):
 garbage-first heap   total 219136K, used 110455K [0x0000000080000000, 0x0000000100000000)
  region size 1024K, 2 young (2048K), 2 survivors (2048K)
 Metaspace       used 129833K, capacity 133876K, committed 134140K, reserved 1165312K
  class space    used 16612K, capacity 18154K, committed 18328K, reserved 1048576K
}
Event: 674.808 GC heap before
{Heap before GC invocations=68 (full 0):
 garbage-first heap   total 219136K, used 171895K [0x0000000080000000, 0x0000000100000000)
  region size 1024K, 63 young (64512K), 2 survivors (2048K)
 Metaspace       used 130314K, capacity 134436K, committed 134652K, reserved 1165312K
  class space    used 16654K, capacity 18231K, committed 18328K, reserved 1048576K
}
Event: 674.829 GC heap after
{Heap after GC invocations=69 (full 0):
 garbage-first heap   total 219136K, used 117396K [0x0000000080000000, 0x0000000100000000)
  region size 1024K, 8 young (8192K), 8 survivors (8192K)
 Metaspace       used 130314K, capacity 134436K, committed 134652K, reserved 1165312K
  class space    used 16654K, capacity 18231K, committed 18328K, reserved 1048576K
}
Event: 675.877 GC heap before
{Heap before GC invocations=70 (full 0):
 garbage-first heap   total 219136K, used 176788K [0x0000000080000000, 0x0000000100000000)
  region size 1024K, 65 young (66560K), 8 survivors (8192K)
 Metaspace       used 130601K, capacity 134655K, committed 134908K, reserved 1165312K
  class space    used 16654K, capacity 18231K, committed 18328K, reserved 1048576K
}
Event: 675.892 GC heap after
{Heap after GC invocations=71 (full 0):
 garbage-first heap   total 219136K, used 128711K [0x0000000080000000, 0x0000000100000000)
  region size 1024K, 9 young (9216K), 9 survivors (9216K)
 Metaspace       used 130601K, capacity 134655K, committed 134908K, reserved 1165312K
  class space    used 16654K, capacity 18231K, committed 18328K, reserved 1048576K
}
Event: 675.912 GC heap before
{Heap before GC invocations=71 (full 0):
 garbage-first heap   total 219136K, used 129735K [0x0000000080000000, 0x0000000100000000)
  region size 1024K, 10 young (10240K), 9 survivors (9216K)
 Metaspace       used 130602K, capacity 134655K, committed 134908K, reserved 1165312K
  class space    used 16654K, capacity 18231K, committed 18328K, reserved 1048576K
}
Event: 675.931 GC heap after
{Heap after GC invocations=72 (full 0):
 garbage-first heap   total 219136K, used 129776K [0x0000000080000000, 0x0000000100000000)
  region size 1024K, 1 young (1024K), 1 survivors (1024K)
 Metaspace       used 130602K, capacity 134655K, committed 134908K, reserved 1165312K
  class space    used 16654K, capacity 18231K, committed 18328K, reserved 1048576K
}
Event: 676.596 GC heap before
{Heap before GC invocations=72 (full 0):
 garbage-first heap   total 219136K, used 167664K [0x0000000080000000, 0x0000000100000000)
  region size 1024K, 40 young (40960K), 1 survivors (1024K)
 Metaspace       used 130855K, capacity 135015K, committed 135164K, reserved 1167360K
  class space    used 16657K, capacity 18236K, committed 18328K, reserved 1048576K
}
Event: 676.604 GC heap after
{Heap after GC invocations=73 (full 0):
 garbage-first heap   total 219136K, used 134083K [0x0000000080000000, 0x0000000100000000)
  region size 1024K, 6 young (6144K), 6 survivors (6144K)
 Metaspace       used 130855K, capacity 135015K, committed 135164K, reserved 1167360K
  class space    used 16657K, capacity 18236K, committed 18328K, reserved 1048576K
}

