# JRE version: OpenJDK Runtime Environment (11.0.15) (build 11.0.15+0-b2043.56-9505619)
# Java VM: OpenJDK 64-Bit Server VM (11.0.15+0-b2043.56-9505619, mixed mode, tiered, compressed oops, g1 gc, windows-amd64)
Heap:
 garbage-first heap   total 175104K, used 32427K [0x0000000080000000, 0x0000000100000000)
  region size 1024K, 5 young (5120K), 5 survivors (5120K)
 Metaspace       used 49040K, capacity 50181K, committed 50460K, reserved 1093632K
  class space    used 6241K, capacity 6703K, committed 6808K, reserved 1048576K
GC Heap History (20 events):
Event: 0.638 GC heap after
{Heap after GC invocations=1 (full 0):
 garbage-first heap   total 120832K, used 4455K [0x0000000080000000, 0x0000000100000000)
  region size 1024K, 2 young (2048K), 2 survivors (2048K)
 Metaspace       used 6758K, capacity 6937K, committed 7168K, reserved 1056768K
  class space    used 573K, capacity 650K, committed 768K, reserved 1048576K
}
Event: 0.983 GC heap before
{Heap before GC invocations=1 (full 0):
 garbage-first heap   total 120832K, used 19815K [0x0000000080000000, 0x0000000100000000)
  region size 1024K, 14 young (14336K), 2 survivors (2048K)
 Metaspace       used 10319K, capacity 10629K, committed 10880K, reserved 1058816K
  class space    used 1053K, capacity 1139K, committed 1152K, reserved 1048576K
}
Event: 0.988 GC heap after
{Heap after GC invocations=2 (full 0):
 garbage-first heap   total 120832K, used 9452K [0x0000000080000000, 0x0000000100000000)
  region size 1024K, 2 young (2048K), 2 survivors (2048K)
 Metaspace       used 10319K, capacity 10629K, committed 10880K, reserved 1058816K
  class space    used 1053K, capacity 1139K, committed 1152K, reserved 1048576K
}
Event: 1.455 GC heap before
{Heap before GC invocations=2 (full 0):
 garbage-first heap   total 120832K, used 52460K [0x0000000080000000, 0x0000000100000000)
  region size 1024K, 43 young (44032K), 2 survivors (2048K)
 Metaspace       used 11711K, capacity 12024K, committed 12160K, reserved 1060864K
  class space    used 1247K, capacity 1348K, committed 1408K, reserved 1048576K
}
Event: 1.460 GC heap after
{Heap after GC invocations=3 (full 0):
 garbage-first heap   total 120832K, used 14796K [0x0000000080000000, 0x0000000100000000)
  region size 1024K, 6 young (6144K), 6 survivors (6144K)
 Metaspace       used 11711K, capacity 12024K, committed 12160K, reserved 1060864K
  class space    used 1247K, capacity 1348K, committed 1408K, reserved 1048576K
}
Event: 2.576 GC heap before
{Heap before GC invocations=3 (full 0):
 garbage-first heap   total 120832K, used 65996K [0x0000000080000000, 0x0000000100000000)
  region size 1024K, 56 young (57344K), 6 survivors (6144K)
 Metaspace       used 20505K, capacity 20959K, committed 21120K, reserved 1067008K
  class space    used 2478K, capacity 2650K, committed 2688K, reserved 1048576K
}
Event: 2.582 GC heap after
{Heap after GC invocations=4 (full 0):
 garbage-first heap   total 120832K, used 17335K [0x0000000080000000, 0x0000000100000000)
  region size 1024K, 3 young (3072K), 3 survivors (3072K)
 Metaspace       used 20505K, capacity 20959K, committed 21120K, reserved 1067008K
  class space    used 2478K, capacity 2650K, committed 2688K, reserved 1048576K
}
Event: 2.607 GC heap before
{Heap before GC invocations=4 (full 0):
 garbage-first heap   total 120832K, used 19383K [0x0000000080000000, 0x0000000100000000)
  region size 1024K, 6 young (6144K), 3 survivors (3072K)
 Metaspace       used 20785K, capacity 21195K, committed 21296K, reserved 1069056K
  class space    used 2522K, capacity 2685K, committed 2688K, reserved 1048576K
}
Event: 2.610 GC heap after
{Heap after GC invocations=5 (full 0):
 garbage-first heap   total 145408K, used 17456K [0x0000000080000000, 0x0000000100000000)
  region size 1024K, 3 young (3072K), 3 survivors (3072K)
 Metaspace       used 20785K, capacity 21195K, committed 21296K, reserved 1069056K
  class space    used 2522K, capacity 2685K, committed 2688K, reserved 1048576K
}
Event: 3.154 GC heap before
{Heap before GC invocations=6 (full 0):
 garbage-first heap   total 145408K, used 71728K [0x0000000080000000, 0x0000000100000000)
  region size 1024K, 57 young (58368K), 3 survivors (3072K)
 Metaspace       used 26785K, capacity 27430K, committed 27516K, reserved 1073152K
  class space    used 3476K, capacity 3735K, committed 3788K, reserved 1048576K
}
Event: 3.158 GC heap after
{Heap after GC invocations=7 (full 0):
 garbage-first heap   total 145408K, used 19702K [0x0000000080000000, 0x0000000100000000)
  region size 1024K, 6 young (6144K), 6 survivors (6144K)
 Metaspace       used 26785K, capacity 27430K, committed 27516K, reserved 1073152K
  class space    used 3476K, capacity 3735K, committed 3788K, reserved 1048576K
}
Event: 4.068 GC heap before
{Heap before GC invocations=7 (full 0):
 garbage-first heap   total 145408K, used 81142K [0x0000000080000000, 0x0000000100000000)
  region size 1024K, 66 young (67584K), 6 survivors (6144K)
 Metaspace       used 33411K, capacity 34311K, committed 34556K, reserved 1079296K
  class space    used 4473K, capacity 4818K, committed 4940K, reserved 1048576K
}
Event: 4.076 GC heap after
{Heap after GC invocations=8 (full 0):
 garbage-first heap   total 145408K, used 22109K [0x0000000080000000, 0x0000000100000000)
  region size 1024K, 5 young (5120K), 5 survivors (5120K)
 Metaspace       used 33411K, capacity 34311K, committed 34556K, reserved 1079296K
  class space    used 4473K, capacity 4818K, committed 4940K, reserved 1048576K
}
Event: 4.197 GC heap before
{Heap before GC invocations=8 (full 0):
 garbage-first heap   total 145408K, used 27229K [0x0000000080000000, 0x0000000100000000)
  region size 1024K, 11 young (11264K), 5 survivors (5120K)
 Metaspace       used 35107K, capacity 35958K, committed 36048K, reserved 1081344K
  class space    used 4571K, capacity 4921K, committed 4940K, reserved 1048576K
}
Event: 4.206 GC heap after
{Heap after GC invocations=9 (full 0):
 garbage-first heap   total 145408K, used 22831K [0x0000000080000000, 0x0000000100000000)
  region size 1024K, 6 young (6144K), 6 survivors (6144K)
 Metaspace       used 35107K, capacity 35958K, committed 36048K, reserved 1081344K
  class space    used 4571K, capacity 4921K, committed 4940K, reserved 1048576K
}
Event: 4.831 GC heap before
{Heap before GC invocations=10 (full 0):
 garbage-first heap   total 145408K, used 78127K [0x0000000080000000, 0x0000000100000000)
  region size 1024K, 57 young (58368K), 6 survivors (6144K)
 Metaspace       used 40639K, capacity 41618K, committed 41884K, reserved 1085440K
  class space    used 5136K, capacity 5521K, committed 5656K, reserved 1048576K
}
Event: 4.847 GC heap after
{Heap after GC invocations=11 (full 0):
 garbage-first heap   total 145408K, used 28120K [0x0000000080000000, 0x0000000100000000)
  region size 1024K, 8 young (8192K), 8 survivors (8192K)
 Metaspace       used 40639K, capacity 41618K, committed 41884K, reserved 1085440K
  class space    used 5136K, capacity 5521K, committed 5656K, reserved 1048576K
}
Event: 5.645 GC heap before
{Heap before GC invocations=12 (full 0):
 garbage-first heap   total 145408K, used 82392K [0x0000000080000000, 0x0000000100000000)
  region size 1024K, 61 young (62464K), 8 survivors (8192K)
 Metaspace       used 44977K, capacity 46025K, committed 46236K, reserved 1089536K
  class space    used 5686K, capacity 6083K, committed 6168K, reserved 1048576K
}
Event: 5.655 GC heap after
{Heap after GC invocations=13 (full 0):
 garbage-first heap   total 145408K, used 30974K [0x0000000080000000, 0x0000000100000000)
  region size 1024K, 4 young (4096K), 4 survivors (4096K)
 Metaspace       used 44977K, capacity 46025K, committed 46236K, reserved 1089536K
  class space    used 5686K, capacity 6083K, committed 6168K, reserved 1048576K
}
Event: 6.315 GC heap before
{Heap before GC invocations=13 (full 0):
 garbage-first heap   total 145408K, used 88318K [0x0000000080000000, 0x0000000100000000)
  region size 1024K, 60 young (61440K), 4 survivors (4096K)
 Metaspace       used 49040K, capacity 50181K, committed 50460K, reserved 1093632K
  class space    used 6241K, capacity 6703K, committed 6808K, reserved 1048576K
}

