# JRE version: OpenJDK Runtime Environment (11.0.15) (build 11.0.15+0-b2043.56-9505619)
# Java VM: OpenJDK 64-Bit Server VM (11.0.15+0-b2043.56-9505619, mixed mode, tiered, compressed oops, g1 gc, windows-amd64)
Heap:
 garbage-first heap   total 175104K, used 61156K [0x0000000080000000, 0x0000000100000000)
  region size 1024K, 17 young (17408K), 11 survivors (11264K)
 Metaspace       used 70452K, capacity 72182K, committed 72272K, reserved 1112064K
  class space    used 8942K, capacity 9620K, committed 9676K, reserved 1048576K
GC Heap History (20 events):
Event: 2.694 GC heap before
{Heap before GC invocations=4 (full 0):
 garbage-first heap   total 120832K, used 20139K [0x0000000080000000, 0x0000000100000000)
  region size 1024K, 7 young (7168K), 3 survivors (3072K)
 Metaspace       used 20811K, capacity 21195K, committed 21296K, reserved 1069056K
  class space    used 2523K, capacity 2685K, committed 2688K, reserved 1048576K
}
Event: 2.698 GC heap after
{Heap after GC invocations=5 (full 0):
 garbage-first heap   total 145408K, used 17292K [0x0000000080000000, 0x0000000100000000)
  region size 1024K, 3 young (3072K), 3 survivors (3072K)
 Metaspace       used 20811K, capacity 21195K, committed 21296K, reserved 1069056K
  class space    used 2523K, capacity 2685K, committed 2688K, reserved 1048576K
}
Event: 3.444 GC heap before
{Heap before GC invocations=6 (full 0):
 garbage-first heap   total 145408K, used 73612K [0x0000000080000000, 0x0000000100000000)
  region size 1024K, 58 young (59392K), 3 survivors (3072K)
 Metaspace       used 26917K, capacity 27593K, committed 27772K, reserved 1073152K
  class space    used 3493K, capacity 3768K, committed 3788K, reserved 1048576K
}
Event: 3.449 GC heap after
{Heap after GC invocations=7 (full 0):
 garbage-first heap   total 145408K, used 19267K [0x0000000080000000, 0x0000000100000000)
  region size 1024K, 5 young (5120K), 5 survivors (5120K)
 Metaspace       used 26917K, capacity 27593K, committed 27772K, reserved 1073152K
  class space    used 3493K, capacity 3768K, committed 3788K, reserved 1048576K
}
Event: 4.250 GC heap before
{Heap before GC invocations=7 (full 0):
 garbage-first heap   total 145408K, used 80707K [0x0000000080000000, 0x0000000100000000)
  region size 1024K, 65 young (66560K), 5 survivors (5120K)
 Metaspace       used 33847K, capacity 34759K, committed 35068K, reserved 1079296K
  class space    used 4484K, capacity 4818K, committed 4940K, reserved 1048576K
}
Event: 4.257 GC heap after
{Heap after GC invocations=8 (full 0):
 garbage-first heap   total 145408K, used 22332K [0x0000000080000000, 0x0000000100000000)
  region size 1024K, 6 young (6144K), 6 survivors (6144K)
 Metaspace       used 33847K, capacity 34759K, committed 35068K, reserved 1079296K
  class space    used 4484K, capacity 4818K, committed 4940K, reserved 1048576K
}
Event: 4.394 GC heap before
{Heap before GC invocations=8 (full 0):
 garbage-first heap   total 145408K, used 26428K [0x0000000080000000, 0x0000000100000000)
  region size 1024K, 11 young (11264K), 6 survivors (6144K)
 Metaspace       used 35097K, capacity 35957K, committed 36048K, reserved 1081344K
  class space    used 4571K, capacity 4921K, committed 4940K, reserved 1048576K
}
Event: 4.404 GC heap after
{Heap after GC invocations=9 (full 0):
 garbage-first heap   total 145408K, used 22980K [0x0000000080000000, 0x0000000100000000)
  region size 1024K, 4 young (4096K), 4 survivors (4096K)
 Metaspace       used 35097K, capacity 35957K, committed 36048K, reserved 1081344K
  class space    used 4571K, capacity 4921K, committed 4940K, reserved 1048576K
}
Event: 5.524 GC heap before
{Heap before GC invocations=10 (full 0):
 garbage-first heap   total 145408K, used 92612K [0x0000000080000000, 0x0000000100000000)
  region size 1024K, 70 young (71680K), 4 survivors (4096K)
 Metaspace       used 41076K, capacity 42002K, committed 42064K, reserved 1085440K
  class space    used 5203K, capacity 5563K, committed 5580K, reserved 1048576K
}
Event: 5.533 GC heap after
{Heap after GC invocations=11 (full 0):
 garbage-first heap   total 145408K, used 29144K [0x0000000080000000, 0x0000000100000000)
  region size 1024K, 9 young (9216K), 9 survivors (9216K)
 Metaspace       used 41076K, capacity 42002K, committed 42064K, reserved 1085440K
  class space    used 5203K, capacity 5563K, committed 5580K, reserved 1048576K
}
Event: 6.485 GC heap before
{Heap before GC invocations=11 (full 0):
 garbage-first heap   total 145408K, used 98776K [0x0000000080000000, 0x0000000100000000)
  region size 1024K, 77 young (78848K), 9 survivors (9216K)
 Metaspace       used 47237K, capacity 48319K, committed 48592K, reserved 1091584K
  class space    used 6018K, capacity 6422K, committed 6476K, reserved 1048576K
}
Event: 6.493 GC heap after
{Heap after GC invocations=12 (full 0):
 garbage-first heap   total 145408K, used 31925K [0x0000000080000000, 0x0000000100000000)
  region size 1024K, 4 young (4096K), 4 survivors (4096K)
 Metaspace       used 47237K, capacity 48319K, committed 48592K, reserved 1091584K
  class space    used 6018K, capacity 6422K, committed 6476K, reserved 1048576K
}
Event: 7.998 GC heap before
{Heap before GC invocations=12 (full 0):
 garbage-first heap   total 145408K, used 101557K [0x0000000080000000, 0x0000000100000000)
  region size 1024K, 73 young (74752K), 4 survivors (4096K)
 Metaspace       used 55579K, capacity 56884K, committed 57168K, reserved 1099776K
  class space    used 7033K, capacity 7539K, committed 7628K, reserved 1048576K
}
Event: 8.004 GC heap after
{Heap after GC invocations=13 (full 0):
 garbage-first heap   total 175104K, used 36216K [0x0000000080000000, 0x0000000100000000)
  region size 1024K, 8 young (8192K), 8 survivors (8192K)
 Metaspace       used 55579K, capacity 56884K, committed 57168K, reserved 1099776K
  class space    used 7033K, capacity 7539K, committed 7628K, reserved 1048576K
}
Event: 8.971 GC heap before
{Heap before GC invocations=13 (full 0):
 garbage-first heap   total 175104K, used 82296K [0x0000000080000000, 0x0000000100000000)
  region size 1024K, 51 young (52224K), 8 survivors (8192K)
 Metaspace       used 59066K, capacity 60441K, committed 60508K, reserved 1101824K
  class space    used 7466K, capacity 7990K, committed 8012K, reserved 1048576K
}
Event: 8.984 GC heap after
{Heap after GC invocations=14 (full 0):
 garbage-first heap   total 175104K, used 45686K [0x0000000080000000, 0x0000000100000000)
  region size 1024K, 13 young (13312K), 13 survivors (13312K)
 Metaspace       used 59066K, capacity 60441K, committed 60508K, reserved 1101824K
  class space    used 7466K, capacity 7990K, committed 8012K, reserved 1048576K
}
Event: 10.129 GC heap before
{Heap before GC invocations=15 (full 0):
 garbage-first heap   total 175104K, used 131702K [0x0000000080000000, 0x0000000100000000)
  region size 1024K, 90 young (92160K), 13 survivors (13312K)
 Metaspace       used 67131K, capacity 68680K, committed 68944K, reserved 1110016K
  class space    used 8500K, capacity 9147K, committed 9164K, reserved 1048576K
}
Event: 10.143 GC heap after
{Heap after GC invocations=16 (full 0):
 garbage-first heap   total 175104K, used 50751K [0x0000000080000000, 0x0000000100000000)
  region size 1024K, 6 young (6144K), 6 survivors (6144K)
 Metaspace       used 67131K, capacity 68680K, committed 68944K, reserved 1110016K
  class space    used 8500K, capacity 9147K, committed 9164K, reserved 1048576K
}
Event: 11.009 GC heap before
{Heap before GC invocations=16 (full 0):
 garbage-first heap   total 175104K, used 130623K [0x0000000080000000, 0x0000000100000000)
  region size 1024K, 83 young (84992K), 6 survivors (6144K)
 Metaspace       used 70200K, capacity 71958K, committed 72272K, reserved 1112064K
  class space    used 8918K, capacity 9588K, committed 9676K, reserved 1048576K
}
Event: 11.018 GC heap after
{Heap after GC invocations=17 (full 0):
 garbage-first heap   total 175104K, used 56036K [0x0000000080000000, 0x0000000100000000)
  region size 1024K, 11 young (11264K), 11 survivors (11264K)
 Metaspace       used 70200K, capacity 71958K, committed 72272K, reserved 1112064K
  class space    used 8918K, capacity 9588K, committed 9676K, reserved 1048576K
}

